<?xml version="1.0" encoding="UTF-8"?>
<testsuite xmlns:xsi="http://www.w3.org/2001/XMLSchema-instance" xsi:noNamespaceSchemaLocation="https://maven.apache.org/surefire/maven-surefire-plugin/xsd/surefire-test-report-3.0.xsd" version="3.0" name="edu.javeriana.estudiante_notas.EstudianteNotasApplicationTests" time="4.747" tests="1" errors="0" skipped="0" failures="0">
  <properties>
[...]
</properties>
  <testcase name="contextLoads" classname="edu.javeriana.estudiante_notas.EstudianteNotasApplicationTests" time="0.78">
    <system-out><![CDATA[14:07:19.937 [main] INFO org.springframework.test.context.support.AnnotationConfigContextLoaderUtils -- Could not detect default configuration classes for test class [edu.javeriana.estudiante_notas.EstudianteNotasApplicationTests]: EstudianteNotasApplicationTests does not declare any static, non-private, non-final, nested classes annotated with @Configuration.
14:07:20.094 [main] INFO org.springframework.boot.test.context.SpringBootTestContextBootstrapper -- Found @SpringBootConfiguration edu.javeriana.estudiante_notas.EstudianteNotasApplication for test class edu.javeriana.estudiante_notas.EstudianteNotasApplicationTests

  .   ____          _            __ _ _
 /\\ / ___'_ __ _ _(_)_ __  __ _ \ \ \ \
( ( )\___ | '_ | '_| | '_ \/ _` | \ \ \ \
 \\/  ___)| |_)| | | | | || (_| |  ) ) ) )
  '  |____| .__|_| |_|_| |_\__, | / / / /
 =========|_|==============|___/=/_/_/_/
 :: Spring Boot ::                (v3.2.5)

2026-05-17T14:07:20.646-05:00  INFO 21164 --- [           main] e.j.e.EstudianteNotasApplicationTests    : Starting EstudianteNotasApplicationTests using Java 25.0.1 with PID 21164 (started by brand in C:\Users\brand\Downloads\estudiante_notas(2)\estudiante_notas)
2026-05-17T14:07:20.648-05:00  INFO 21164 --- [           main] e.j.e.EstudianteNotasApplicationTests    : No active profile set, falling back to 1 default profile: "default"
2026-05-17T14:07:21.396-05:00  INFO 21164 --- [           main] .s.d.r.c.RepositoryConfigurationDelegate : Bootstrapping Spring Data R2DBC repositories in DEFAULT mode.
2026-05-17T14:07:21.594-05:00  INFO 21164 --- [           main] .s.d.r.c.RepositoryConfigurationDelegate : Finished Spring Data repository scanning in 193 ms. Found 3 R2DBC repository interfaces.
2026-05-17T14:07:23.473-05:00 DEBUG 21164 --- [       single-1] o.s.r2dbc.connection.init.ScriptUtils    : Executing SQL script from file [C:\Users\brand\Downloads\estudiante_notas(2)\estudiante_notas\target\classes\schema.sql]
2026-05-17T14:07:23.564-05:00 DEBUG 21164 --- [ocuousThread-16] o.s.r2dbc.connection.init.ScriptUtils    : 0 returned as update count for SQL: CREATE TABLE IF NOT EXISTS estudiante ( id BIGINT AUTO_INCREMENT PRIMARY KEY, nombre VARCHAR(255) NOT NULL, apellido VARCHAR(255) NOT NULL, correo VARCHAR(255) NOT NULL UNIQUE )
2026-05-17T14:07:23.566-05:00 DEBUG 21164 --- [ocuousThread-16] o.s.r2dbc.connection.init.ScriptUtils    : 0 returned as update count for SQL: CREATE TABLE IF NOT EXISTS materia ( id BIGINT AUTO_INCREMENT PRIMARY KEY, nombre VARCHAR(255) NOT NULL UNIQUE, creditos INT NOT NULL )
2026-05-17T14:07:23.578-05:00 DEBUG 21164 --- [ocuousThread-16] o.s.r2dbc.connection.init.ScriptUtils    : 0 returned as update count for SQL: CREATE TABLE IF NOT EXISTS nota ( id BIGINT AUTO_INCREMENT PRIMARY KEY, observacion VARCHAR(500), porcentaje DOUBLE NOT NULL, valor DOUBLE NOT NULL, estudiante_id BIGINT NOT NULL, materia_id BIGINT NOT NULL, FOREIGN KEY (estudiante_id) REFERENCES estudiante(id) ON DELETE CASCADE, FOREIGN KEY (materia_id) REFERENCES materia(id) ON DELETE CASCADE )
2026-05-17T14:07:23.581-05:00 DEBUG 21164 --- [ocuousThread-16] o.s.r2dbc.connection.init.ScriptUtils    : Executed SQL script from file [C:\Users\brand\Downloads\estudiante_notas(2)\estudiante_notas\target\classes\schema.sql] in 105 ms.
2026-05-17T14:07:23.699-05:00  INFO 21164 --- [           main] e.j.e.EstudianteNotasApplicationTests    : Started EstudianteNotasApplicationTests in 3.413 seconds (process running for 4.626)
]]></system-out>
    <system-err><![CDATA[WARNING: A Java agent has been loaded dynamically (C:\Users\brand\.m2\repository\net\bytebuddy\byte-buddy-agent\1.14.13\byte-buddy-agent-1.14.13.jar)
WARNING: If a serviceability tool is in use, please run with -XX:+EnableDynamicAgentLoading to hide this warning
WARNING: If a serviceability tool is not in use, please run with -Djdk.instrument.traceUsage for more information
WARNING: Dynamic loading of agents will be disallowed by default in a future release
]]></system-err>
  </testcase>
</testsuite>